<?xml version="1.0" encoding="UTF-8"?>
<!-- Generated by org.testng.reporters.JUnitReportReporter -->
<testsuite skipped="0" hostname="Abhisheks-MacBook-Pro.local" name="facebook.TestRunner" tests="1" failures="0" timestamp="08 Apr 2020 13:11:02 GMT" time="6.528" errors="0">
  <testcase name="runScenario" time="6.528" classname="facebook.TestRunner"/>
</testsuite> <!-- facebook.TestRunner -->
