<?xml version="1.0" encoding="UTF-8"?>
<!-- Generated by org.testng.reporters.JUnitReportReporter -->
<testsuite skipped="0" hostname="Abhisheks-MacBook-Pro.local" name="facebook.TestRunner" tests="1" failures="0" timestamp="11 Apr 2020 14:57:24 GMT" time="5.803" errors="0">
  <testcase name="runScenario" time="5.803" classname="facebook.TestRunner"/>
</testsuite> <!-- facebook.TestRunner -->
