<?xml version="1.0" encoding="UTF-8"?>
<!-- Generated by org.testng.reporters.JUnitReportReporter -->
<testsuite skipped="0" hostname="Abhisheks-MacBook-Pro.local" name="facebook.TestRunner" tests="1" failures="0" timestamp="14 Apr 2020 19:26:57 GMT" time="11.035" errors="0">
  <testcase name="runScenario" time="11.035" classname="facebook.TestRunner"/>
</testsuite> <!-- facebook.TestRunner -->
