<?xml version="1.0" encoding="UTF-8"?>
<!-- Generated by org.testng.reporters.JUnitReportReporter -->
<testsuite skipped="0" hostname="Abhisheks-MacBook-Pro.local" name="facebook.TestRunner" tests="1" failures="0" timestamp="09 Apr 2020 10:48:26 GMT" time="9.875" errors="0">
  <testcase name="runScenario" time="9.875" classname="facebook.TestRunner"/>
</testsuite> <!-- facebook.TestRunner -->
